/home/bluengop/Code/gitops/gitops-operator/bin/controller-gen "crd:trivialVersions=true,preserveUnknownFields=false" rbac:roleName=manager-role webhook paths="./..." output:crd:artifacts:config=config/crd/bases
cd config/manager && /home/bluengop/Code/gitops/gitops-operator/bin/kustomize edit set image controller=registry-proxy.engineering.redhat.com/rh-osbs/openshift-gitops-1-gitops-rhel8-operator:gitops-nightly-1-rhel-8-candidate-75384-20221208224222
/home/bluengop/Code/gitops/gitops-operator/bin/kustomize build config/default | kubectl apply -f -
namespace/gitops-operator-system created
customresourcedefinition.apiextensions.k8s.io/applications.argoproj.io created
customresourcedefinition.apiextensions.k8s.io/applicationsets.argoproj.io created
customresourcedefinition.apiextensions.k8s.io/appprojects.argoproj.io created
customresourcedefinition.apiextensions.k8s.io/argocds.argoproj.io created
customresourcedefinition.apiextensions.k8s.io/gitopsservices.pipelines.openshift.io created
serviceaccount/gitops-operator-controller-manager created
role.rbac.authorization.k8s.io/gitops-operator-leader-election-role created
clusterrole.rbac.authorization.k8s.io/gitops-operator-manager-role created
clusterrole.rbac.authorization.k8s.io/gitops-operator-metrics-reader created
clusterrole.rbac.authorization.k8s.io/gitops-operator-proxy-role created
rolebinding.rbac.authorization.k8s.io/gitops-operator-leader-election-rolebinding created
clusterrolebinding.rbac.authorization.k8s.io/gitops-operator-manager-rolebinding created
clusterrolebinding.rbac.authorization.k8s.io/gitops-operator-proxy-rolebinding created
configmap/gitops-operator-manager-config created
service/gitops-operator-controller-manager-metrics-service created
deployment.apps/gitops-operator-controller-manager created
